<?xml version="1.0" encoding="UTF-8"?>
<robot generator="Robot 3.1.2 (Python 3.8.1 on win32)" generated="20200124 10:23:57.054" rpa="false">
<suite id="s1" name="RobotFrameworkProject" source="C:\Users\a766021\Desktop\robot\RobotFrameworkProject">
<suite id="s1-s1" name="simpleTestSuite" source="C:\Users\a766021\Desktop\robot\RobotFrameworkProject\simpleTestSuite.robot">
<test id="s1-s1-t1" name="MyFirstTest">
<kw name="Log" library="BuiltIn">
<doc>Logs the given message with the given level.</doc>
<arguments>
<arg>Hello World...</arg>
</arguments>
<msg timestamp="20200124 10:23:57.697" level="INFO">Hello World...</msg>
<status status="PASS" starttime="20200124 10:23:57.696" endtime="20200124 10:23:57.697"></status>
</kw>
<status status="PASS" starttime="20200124 10:23:57.695" endtime="20200124 10:23:57.698" critical="yes"></status>
</test>
<test id="s1-s1-t2" name="FirstSeleniumTest">
<kw name="Evaluate" library="BuiltIn">
<doc>Evaluates the given expression in Python and returns the results.</doc>
<arguments>
<arg>sys.modules['selenium.webdriver'].Proxy()</arg>
<arg>sys, selenium.webdriver</arg>
</arguments>
<assign>
<var>${proxy}</var>
</assign>
<msg timestamp="20200124 10:23:57.700" level="INFO">${proxy} = &lt;selenium.webdriver.common.proxy.Proxy object at 0x043AE028&gt;</msg>
<status status="PASS" starttime="20200124 10:23:57.699" endtime="20200124 10:23:57.700"></status>
</kw>
<kw name="Set Variable" library="BuiltIn">
<doc>Returns the given values which can then be assigned to a variables.</doc>
<arguments>
<arg>w3p2.atos-infogerance.fr:8080</arg>
</arguments>
<assign>
<var>${proxy.http_proxy}</var>
</assign>
<msg timestamp="20200124 10:23:57.700" level="INFO">${proxy.http_proxy} = w3p2.atos-infogerance.fr:8080</msg>
<status status="PASS" starttime="20200124 10:23:57.700" endtime="20200124 10:23:57.701"></status>
</kw>
<kw name="Create Webdriver" library="SeleniumLibrary">
<doc>Creates an instance of Selenium WebDriver.</doc>
<arguments>
<arg>Firefox</arg>
<arg>proxy=${proxy}</arg>
</arguments>
<msg timestamp="20200124 10:23:57.701" level="INFO">Creating an instance of the Firefox WebDriver.</msg>
<status status="PASS" starttime="20200124 10:23:57.701" endtime="20200124 10:24:04.608"></status>
</kw>
<kw name="Go To" library="SeleniumLibrary">
<doc>Navigates the current browser window to the provided ``url``.</doc>
<arguments>
<arg>${url}</arg>
</arguments>
<msg timestamp="20200124 10:24:04.611" level="INFO">Opening url 'https://authc.univ-toulouse.fr/login?service=https%3A%2F%2Fscout.univ-toulouse.fr%2Fsw%3Ftype%3DL%26state%3D7%26undefined'</msg>
<status status="PASS" starttime="20200124 10:24:04.609" endtime="20200124 10:24:07.271"></status>
</kw>
<kw name="Select From List By Value" library="SeleniumLibrary">
<doc>Selects options from selection list ``locator`` by ``values``.</doc>
<arguments>
<arg>id=pscope</arg>
<arg>ut3</arg>
</arguments>
<msg timestamp="20200124 10:24:07.276" level="INFO">Selecting options from selection list 'id=pscope' by value ut3.</msg>
<status status="PASS" starttime="20200124 10:24:07.273" endtime="20200124 10:24:07.579"></status>
</kw>
<kw name="Input Text" library="SeleniumLibrary">
<doc>Types the given ``text`` into the text field identified by ``locator``.</doc>
<arguments>
<arg>id=username</arg>
<arg>${user}</arg>
</arguments>
<msg timestamp="20200124 10:24:07.585" level="INFO">Typing text 'dlm1288a' into text field 'id=username'.</msg>
<status status="PASS" starttime="20200124 10:24:07.582" endtime="20200124 10:24:07.739"></status>
</kw>
<kw name="Input Password" library="SeleniumLibrary">
<doc>Types the given password into the text field identified by ``locator``.</doc>
<arguments>
<arg>id=password</arg>
<arg>${pwd}</arg>
</arguments>
<msg timestamp="20200124 10:24:07.741" level="INFO">Typing password into text field 'id=password'.</msg>
<status status="PASS" starttime="20200124 10:24:07.740" endtime="20200124 10:24:07.806"></status>
</kw>
<kw name="Click Button" library="SeleniumLibrary">
<doc>Clicks the button identified by ``locator``.</doc>
<arguments>
<arg>name=button</arg>
</arguments>
<msg timestamp="20200124 10:24:07.808" level="INFO">Clicking button 'name=button'.</msg>
<status status="PASS" starttime="20200124 10:24:07.807" endtime="20200124 10:24:11.111"></status>
</kw>
<kw name="Sleep" library="BuiltIn">
<doc>Pauses the test executed for the given time.</doc>
<arguments>
<arg>${timeToSleep}</arg>
</arguments>
<msg timestamp="20200124 10:24:21.115" level="INFO">Slept 10 seconds</msg>
<status status="PASS" starttime="20200124 10:24:11.112" endtime="20200124 10:24:21.116"></status>
</kw>
<kw name="Close Browser" library="SeleniumLibrary">
<doc>Closes the current browser.</doc>
<status status="PASS" starttime="20200124 10:24:21.117" endtime="20200124 10:24:23.926"></status>
</kw>
<status status="PASS" starttime="20200124 10:23:57.698" endtime="20200124 10:24:23.927" critical="yes"></status>
</test>
<status status="PASS" starttime="20200124 10:23:57.199" endtime="20200124 10:24:23.928"></status>
</suite>
<status status="PASS" starttime="20200124 10:23:57.161" endtime="20200124 10:24:23.932"></status>
</suite>
<statistics>
<total>
<stat pass="2" fail="0">Critical Tests</stat>
<stat pass="2" fail="0">All Tests</stat>
</total>
<tag>
</tag>
<suite>
<stat pass="2" fail="0" id="s1" name="RobotFrameworkProject">RobotFrameworkProject</stat>
<stat pass="2" fail="0" id="s1-s1" name="simpleTestSuite">RobotFrameworkProject.simpleTestSuite</stat>
</suite>
</statistics>
<errors>
</errors>
</robot>
